2025-04-06T08:12:19.123Z info: Creating default simulated assets
2025-04-06T08:12:19.124Z info: Saved simulated assets to file
2025-04-06T08:12:49.446Z info: Saved simulated assets to file
2025-04-06T08:12:49.446Z info: Minted 10000 of USD for edge
2025-04-06T08:12:49.448Z info: Saved simulated assets to file
2025-04-06T08:12:49.448Z info: Minted 9000 of EUR for edge
2025-04-06T08:16:24.556Z info: Saved simulated assets to file
2025-04-06T08:16:24.556Z info: Minted 10000 of USD for alice
2025-04-06T08:16:33.672Z info: Saved simulated assets to file
2025-04-06T08:16:33.672Z info: Minted 10000 of EUR for bob
2025-04-06T08:16:46.903Z info: Saved simulated assets to file
2025-04-06T08:16:46.903Z info: Minted 10000 of USD for edge
2025-04-06T08:16:46.905Z info: Saved simulated assets to file
2025-04-06T08:16:46.905Z info: Minted 9000 of EUR for edge
2025-04-06T08:18:07.847Z info: Saved simulated assets to file
2025-04-06T08:18:07.847Z info: Minted 10000 of USD for alice
2025-04-06T08:18:07.849Z info: Saved simulated assets to file
2025-04-06T08:18:07.849Z info: Minted 10000 of EUR for bob
2025-04-06T08:18:07.851Z info: Saved simulated assets to file
2025-04-06T08:18:07.851Z info: Minted 10000 of USD for edge
2025-04-06T08:18:07.852Z info: Saved simulated assets to file
2025-04-06T08:18:07.852Z info: Minted 9000 of EUR for edge
2025-04-06T08:42:40.074Z info: Loaded simulated assets from file
2025-04-06T08:52:42.645Z info: Loaded simulated assets from file
2025-04-06T09:09:57.556Z info: Loaded simulated assets from file
2025-04-06T09:14:07.232Z info: Loaded simulated assets from file
2025-04-06T09:19:54.727Z info: Saved simulated assets to file
2025-04-06T09:19:54.727Z info: Minted 10000 of USDT for alice
2025-04-06T09:19:54.728Z info: Creating default simulated assets
2025-04-06T09:19:54.728Z info: Creating default simulated assets
2025-04-06T09:19:54.728Z info: Saved simulated assets to file
2025-04-06T09:19:54.728Z info: Minted 10000 of EURC for bob
2025-04-06T09:19:54.728Z info: Saved simulated assets to file
2025-04-06T09:19:54.729Z info: Saved simulated assets to file
2025-04-06T09:19:54.729Z info: Saved simulated assets to file
2025-04-06T09:19:54.729Z info: Minted 20000 of USDT for edge
2025-04-06T09:19:54.729Z info: Saved simulated assets to file
2025-04-06T09:19:54.729Z info: Minted 18000 of EURC for edge
2025-04-06T09:19:54.730Z info: Saved simulated assets to file
2025-04-06T09:19:54.730Z info: Minted 5000 of GBPT for edge
2025-04-06T09:19:54.730Z info: Saved simulated assets to file
2025-04-06T09:19:54.730Z info: Minted 1000000 of JPYT for edge
2025-04-06T09:19:54.730Z info: Saved simulated assets to file
2025-04-06T09:20:27.941Z info: Saved simulated assets to file
2025-04-06T09:20:27.941Z info: Minted 10000 of USDT for alice
2025-04-06T09:20:27.942Z info: Creating default simulated assets
2025-04-06T09:20:27.942Z info: Creating default simulated assets
2025-04-06T09:20:27.942Z info: Saved simulated assets to file
2025-04-06T09:20:27.942Z info: Minted 10000 of EURC for bob
2025-04-06T09:20:27.942Z info: Saved simulated assets to file
2025-04-06T09:20:27.942Z info: Saved simulated assets to file
2025-04-06T09:20:27.943Z info: Saved simulated assets to file
2025-04-06T09:20:27.943Z info: Minted 20000 of USDT for edge
2025-04-06T09:20:27.943Z info: Saved simulated assets to file
2025-04-06T09:20:27.943Z info: Minted 18000 of EURC for edge
2025-04-06T09:20:27.943Z info: Saved simulated assets to file
2025-04-06T09:20:27.943Z info: Minted 5000 of GBPT for edge
2025-04-06T09:20:27.943Z info: Saved simulated assets to file
2025-04-06T09:20:27.943Z info: Minted 1000000 of JPYT for edge
2025-04-06T09:20:27.943Z info: Saved simulated assets to file
2025-04-06T09:21:57.563Z info: Saved simulated assets to file
2025-04-06T09:21:57.564Z info: Minted 10000 of USDT for alice
2025-04-06T09:21:57.564Z info: Creating default simulated assets
2025-04-06T09:21:57.564Z info: Creating default simulated assets
2025-04-06T09:21:57.565Z info: Saved simulated assets to file
2025-04-06T09:21:57.565Z info: Minted 10000 of EURC for bob
2025-04-06T09:21:57.565Z info: Saved simulated assets to file
2025-04-06T09:21:57.565Z info: Saved simulated assets to file
2025-04-06T09:21:57.565Z info: Saved simulated assets to file
2025-04-06T09:21:57.565Z info: Minted 20000 of USDT for edge
2025-04-06T09:21:57.565Z info: Saved simulated assets to file
2025-04-06T09:21:57.565Z info: Minted 18000 of EURC for edge
2025-04-06T09:21:57.565Z info: Saved simulated assets to file
2025-04-06T09:21:57.565Z info: Minted 5000 of GBPT for edge
2025-04-06T09:21:57.565Z info: Saved simulated assets to file
2025-04-06T09:21:57.565Z info: Minted 1000000 of JPYT for edge
2025-04-06T09:21:57.566Z info: Saved simulated assets to file
2025-04-06T09:25:03.104Z info: Saved simulated assets to file
2025-04-06T09:25:03.104Z info: Minted 10000 of USDT for alice
2025-04-06T09:25:03.105Z info: Creating default simulated assets
2025-04-06T09:25:03.105Z info: Creating default simulated assets
2025-04-06T09:25:03.105Z info: Saved simulated assets to file
2025-04-06T09:25:03.105Z info: Minted 10000 of EURC for bob
2025-04-06T09:25:03.106Z info: Saved simulated assets to file
2025-04-06T09:25:03.106Z info: Saved simulated assets to file
2025-04-06T09:25:03.106Z info: Saved simulated assets to file
2025-04-06T09:25:03.106Z info: Minted 20000 of USDT for edge
2025-04-06T09:25:03.106Z info: Saved simulated assets to file
2025-04-06T09:25:03.107Z info: Minted 18000 of EURC for edge
2025-04-06T09:25:03.107Z info: Saved simulated assets to file
2025-04-06T09:25:03.107Z info: Minted 5000 of GBPT for edge
2025-04-06T09:25:03.107Z info: Saved simulated assets to file
2025-04-06T09:25:03.107Z info: Minted 1000000 of JPYT for edge
2025-04-06T09:25:03.108Z info: Saved simulated assets to file
2025-04-06T09:25:38.045Z info: Saved simulated assets to file
2025-04-06T09:25:38.045Z info: Minted 10000 of USDT for alice
2025-04-06T09:25:38.046Z info: Creating default simulated assets
2025-04-06T09:25:38.047Z info: Saved simulated assets to file
2025-04-06T09:25:38.047Z info: Minted 10000 of EURC for bob
2025-04-06T09:25:38.047Z info: Loaded simulated assets from file
2025-04-06T09:25:38.048Z info: Saved simulated assets to file
2025-04-06T09:25:38.048Z info: Saved simulated assets to file
2025-04-06T09:25:38.048Z info: Minted 20000 of USDT for edge
2025-04-06T09:25:38.049Z info: Saved simulated assets to file
2025-04-06T09:25:38.049Z info: Minted 18000 of EURC for edge
2025-04-06T09:25:38.050Z info: Saved simulated assets to file
2025-04-06T09:25:38.050Z info: Minted 5000 of GBPT for edge
2025-04-06T09:25:38.050Z info: Saved simulated assets to file
2025-04-06T09:25:38.050Z info: Minted 1000000 of JPYT for edge
2025-04-06T09:25:38.051Z info: Saved simulated assets to file
2025-04-06T09:27:00.427Z info: Saved simulated assets to file
2025-04-06T09:27:00.427Z info: Minted 10000 of USDT for alice
2025-04-06T09:27:00.428Z info: Creating default simulated assets
2025-04-06T09:27:00.428Z info: Creating default simulated assets
2025-04-06T09:27:00.428Z info: Saved simulated assets to file
2025-04-06T09:27:00.428Z info: Minted 10000 of EURC for bob
2025-04-06T09:27:00.429Z info: Saved simulated assets to file
2025-04-06T09:27:00.429Z info: Saved simulated assets to file
2025-04-06T09:27:00.429Z info: Saved simulated assets to file
2025-04-06T09:27:00.429Z info: Minted 20000 of USDT for edge
2025-04-06T09:27:00.429Z info: Saved simulated assets to file
2025-04-06T09:27:00.429Z info: Minted 18000 of EURC for edge
2025-04-06T09:27:00.429Z info: Saved simulated assets to file
2025-04-06T09:27:00.429Z info: Minted 5000 of GBPT for edge
2025-04-06T09:27:00.430Z info: Saved simulated assets to file
2025-04-06T09:27:00.430Z info: Minted 1000000 of JPYT for edge
2025-04-06T09:27:00.430Z info: Saved simulated assets to file
2025-04-06T09:29:26.465Z info: Loaded simulated assets from file
2025-04-06T09:31:25.535Z info: Saved simulated assets to file
2025-04-06T09:31:25.535Z info: Minted 10000 of USDT for alice
2025-04-06T09:31:25.535Z info: Creating default simulated assets
2025-04-06T09:31:25.535Z info: Creating default simulated assets
2025-04-06T09:31:25.536Z info: Saved simulated assets to file
2025-04-06T09:31:25.536Z info: Minted 10000 of EURC for bob
2025-04-06T09:31:25.536Z info: Saved simulated assets to file
2025-04-06T09:31:25.536Z info: Saved simulated assets to file
2025-04-06T09:31:25.536Z info: Saved simulated assets to file
2025-04-06T09:31:25.536Z info: Minted 20000 of USDT for edge
2025-04-06T09:31:25.537Z info: Saved simulated assets to file
2025-04-06T09:31:25.537Z info: Minted 18000 of EURC for edge
2025-04-06T09:31:25.537Z info: Saved simulated assets to file
2025-04-06T09:31:25.537Z info: Minted 5000 of GBPT for edge
2025-04-06T09:31:25.537Z info: Saved simulated assets to file
2025-04-06T09:31:25.537Z info: Minted 1000000 of JPYT for edge
2025-04-06T09:31:25.537Z info: Saved simulated assets to file
2025-04-06T09:31:25.537Z info: Minted 1 of BTC for edge
2025-04-06T09:33:25.493Z info: Saved simulated assets to file
2025-04-06T09:33:25.493Z info: Minted 10000 of USDT for alice
2025-04-06T09:33:25.493Z info: Creating default simulated assets
2025-04-06T09:33:25.493Z info: Creating default simulated assets
2025-04-06T09:33:25.493Z info: Saved simulated assets to file
2025-04-06T09:33:25.493Z info: Minted 10000 of EURC for bob
2025-04-06T09:33:25.494Z info: Saved simulated assets to file
2025-04-06T09:33:25.494Z info: Saved simulated assets to file
2025-04-06T09:33:25.494Z info: Saved simulated assets to file
2025-04-06T09:33:25.494Z info: Minted 20000 of USDT for edge
2025-04-06T09:33:25.494Z info: Saved simulated assets to file
2025-04-06T09:33:25.494Z info: Minted 18000 of EURC for edge
2025-04-06T09:33:25.494Z info: Saved simulated assets to file
2025-04-06T09:33:25.494Z info: Minted 5000 of GBPT for edge
2025-04-06T09:33:25.494Z info: Saved simulated assets to file
2025-04-06T09:33:25.494Z info: Minted 1000000 of JPYT for edge
2025-04-06T09:33:25.495Z info: Saved simulated assets to file
2025-04-06T09:33:25.495Z info: Minted 1 of BTC for edge
2025-04-06T09:35:09.182Z info: Saved simulated assets to file
2025-04-06T09:35:09.182Z info: Minted 10000 of USDT for alice
2025-04-06T09:35:18.558Z info: Saved simulated assets to file
2025-04-06T09:35:18.558Z info: Minted 10000 of EURC for bob
2025-04-06T09:35:27.209Z info: Saved simulated assets to file
2025-04-06T09:35:27.209Z info: Minted 20000 of USDT for edge
2025-04-06T09:35:36.635Z info: Saved simulated assets to file
2025-04-06T09:35:36.635Z info: Minted 18000 of EURC for edge
2025-04-06T09:35:56.863Z info: Saved simulated assets to file
2025-04-06T09:35:56.863Z info: Minted 10000 of USDT for alice
2025-04-06T09:35:56.864Z info: Creating default simulated assets
2025-04-06T09:35:56.864Z info: Creating default simulated assets
2025-04-06T09:35:56.864Z info: Saved simulated assets to file
2025-04-06T09:35:56.864Z info: Minted 10000 of EURC for bob
2025-04-06T09:35:56.864Z info: Saved simulated assets to file
2025-04-06T09:35:56.864Z info: Saved simulated assets to file
2025-04-06T09:35:56.864Z info: Saved simulated assets to file
2025-04-06T09:35:56.864Z info: Minted 20000 of USDT for edge
2025-04-06T09:35:56.864Z info: Saved simulated assets to file
2025-04-06T09:35:56.864Z info: Minted 18000 of EURC for edge
2025-04-06T09:35:56.865Z info: Saved simulated assets to file
2025-04-06T09:35:56.865Z info: Minted 5000 of GBPT for edge
2025-04-06T09:35:56.865Z info: Saved simulated assets to file
2025-04-06T09:35:56.865Z info: Minted 1000000 of JPYT for edge
2025-04-06T09:35:56.865Z info: Saved simulated assets to file
2025-04-06T09:35:56.865Z info: Minted 1 of BTC for edge
2025-04-06T09:40:41.224Z info: Saved simulated assets to file
2025-04-06T09:40:41.225Z info: Minted 10000 of USD for alice
2025-04-06T09:40:41.225Z info: Creating default simulated assets
2025-04-06T09:40:41.225Z info: Creating default simulated assets
2025-04-06T09:40:41.225Z info: Saved simulated assets to file
2025-04-06T09:40:41.225Z info: Minted 10000 of EUR for bob
2025-04-06T09:40:41.227Z info: Saved simulated assets to file
2025-04-06T09:40:41.227Z info: Saved simulated assets to file
2025-04-06T09:45:21.223Z info: Saved simulated assets to file
2025-04-06T09:45:21.223Z info: Minted 10000 of USD for alice
2025-04-06T09:45:21.223Z info: Creating default simulated assets
2025-04-06T09:45:21.223Z info: Creating default simulated assets
2025-04-06T09:45:21.224Z info: Saved simulated assets to file
2025-04-06T09:45:21.224Z info: Minted 10000 of EUR for bob
2025-04-06T09:45:21.226Z info: Saved simulated assets to file
2025-04-06T09:45:21.226Z info: Saved simulated assets to file
2025-04-06T09:45:26.576Z info: Saved simulated assets to file
2025-04-06T09:45:26.576Z info: Minted 10000 of USD for alice
2025-04-06T09:45:35.485Z info: Saved simulated assets to file
2025-04-06T09:45:35.485Z info: Minted 10000 of EUR for bob
2025-04-06T09:46:05.037Z info: Saved simulated assets to file
2025-04-06T09:46:05.037Z info: Transferred 100 of USD from alice to edge
2025-04-06T09:46:05.037Z info: Saved simulated assets to file
2025-04-06T09:46:05.037Z info: Transferred 90.545 of EUR from edge to bob
2025-04-06T09:53:54.867Z info: Saved simulated assets to file
2025-04-06T09:53:54.867Z info: Transferred 100 of USD from alice to edge
2025-04-06T09:53:54.868Z info: Saved simulated assets to file
2025-04-06T09:53:54.868Z info: Transferred 90.545 of EUR from edge to bob
